<?xml version="1.0" encoding="UTF-8"?>
<coverage generated="1652385010406" clover="3.2.0">
  <project timestamp="1652385010407" name="All files">
    <metrics statements="11" coveredstatements="10" conditionals="4" coveredconditionals="3" methods="3" coveredmethods="3" elements="18" coveredelements="16" complexity="0" loc="11" ncloc="11" packages="1" files="1" classes="1"/>
    <file name="loginValidation.js" path="D:\Programing\Exercícios\JestTESTE\loginValidation.js">
      <metrics statements="11" coveredstatements="10" conditionals="4" coveredconditionals="3" methods="3" coveredmethods="3"/>
      <line num="1" count="1" type="stmt"/>
      <line num="2" count="1" type="stmt"/>
      <line num="5" count="1" type="stmt"/>
      <line num="6" count="3" type="stmt"/>
      <line num="9" count="1" type="stmt"/>
      <line num="14" count="1" type="stmt"/>
      <line num="15" count="2" type="cond" truecount="3" falsecount="1"/>
      <line num="16" count="0" type="stmt"/>
      <line num="18" count="2" type="stmt"/>
      <line num="22" count="1" type="stmt"/>
      <line num="24" count="1" type="stmt"/>
    </file>
  </project>
</coverage>
